Lmod has detected the following error: The following module(s) are unknown:
"conda/miniconda3"

Please check the spelling or version number. Also try "module spider ..."
It is also possible your cache file is out-of-date; it may help to try:
  $ module --ignore-cache load "conda/miniconda3"

Also make sure that all modulefiles written in TCL start with the string
#%Module




EnvironmentNameNotFound: Could not find conda environment: eval_venv
You can list all discoverable environments with `conda info --envs`.


Traceback (most recent call last):
  File "/scratch/users/u14jp20/eval/GroupPr/gemma2.py", line 89, in <module>
    answer_trivia(
  File "/scratch/users/u14jp20/eval/GroupPr/gemma2.py", line 22, in answer_trivia
    model = AutoModelForCausalLM.from_pretrained(
            ^^^^^^^^^^^^^^^^^^^^^^^^^^^^^^^^^^^^^
  File "/home/u14jp20/sharedscratch/.conda/envs/eval_venv/lib/python3.11/site-packages/transformers/models/auto/auto_factory.py", line 564, in from_pretrained
    return model_class.from_pretrained(
           ^^^^^^^^^^^^^^^^^^^^^^^^^^^^
  File "/home/u14jp20/sharedscratch/.conda/envs/eval_venv/lib/python3.11/site-packages/transformers/modeling_utils.py", line 3577, in from_pretrained
    raise ImportError(
ImportError: Using `low_cpu_mem_usage=True` or a `device_map` requires Accelerate: `pip install 'accelerate>=0.26.0'`
srun: error: gpu01: task 0: Exited with exit code 1
