Using Device: cuda
Model loaded
Tokenizer loaded
Generation config loaded
starting  0
Processed 2/100 questions
Results saved to trivia_answers.csv
starting  2
Processed 4/100 questions
Results saved to trivia_answers.csv
starting  4
Processed 6/100 questions
Results saved to trivia_answers.csv
starting  6
Processed 8/100 questions
Results saved to trivia_answers.csv
starting  8
Processed 10/100 questions
Results saved to trivia_answers.csv
starting  10
Processed 12/100 questions
Results saved to trivia_answers.csv
starting  12
Processed 14/100 questions
Results saved to trivia_answers.csv
starting  14
Processed 16/100 questions
Results saved to trivia_answers.csv
starting  16
Processed 18/100 questions
Results saved to trivia_answers.csv
starting  18
Processed 20/100 questions
Results saved to trivia_answers.csv
starting  20
Processed 22/100 questions
Results saved to trivia_answers.csv
starting  22
Processed 24/100 questions
Results saved to trivia_answers.csv
starting  24
Processed 26/100 questions
Results saved to trivia_answers.csv
starting  26
Processed 28/100 questions
Results saved to trivia_answers.csv
starting  28
Processed 30/100 questions
Results saved to trivia_answers.csv
starting  30
Processed 32/100 questions
Results saved to trivia_answers.csv
starting  32
Processed 34/100 questions
Results saved to trivia_answers.csv
starting  34
Processed 36/100 questions
Results saved to trivia_answers.csv
starting  36
Processed 38/100 questions
Results saved to trivia_answers.csv
starting  38
Processed 40/100 questions
Results saved to trivia_answers.csv
starting  40
Processed 42/100 questions
Results saved to trivia_answers.csv
starting  42
Processed 44/100 questions
Results saved to trivia_answers.csv
starting  44
Processed 46/100 questions
Results saved to trivia_answers.csv
starting  46
Processed 48/100 questions
Results saved to trivia_answers.csv
starting  48
Processed 50/100 questions
Results saved to trivia_answers.csv
starting  50
Processed 52/100 questions
Results saved to trivia_answers.csv
starting  52
Processed 54/100 questions
Results saved to trivia_answers.csv
starting  54
Processed 56/100 questions
Results saved to trivia_answers.csv
starting  56
Processed 58/100 questions
Results saved to trivia_answers.csv
starting  58
Processed 60/100 questions
Results saved to trivia_answers.csv
starting  60
Processed 62/100 questions
Results saved to trivia_answers.csv
starting  62
Processed 64/100 questions
Results saved to trivia_answers.csv
starting  64
Processed 66/100 questions
Results saved to trivia_answers.csv
starting  66
Processed 68/100 questions
Results saved to trivia_answers.csv
starting  68
Processed 70/100 questions
Results saved to trivia_answers.csv
starting  70
Processed 72/100 questions
Results saved to trivia_answers.csv
starting  72
Processed 74/100 questions
Results saved to trivia_answers.csv
starting  74
Processed 76/100 questions
Results saved to trivia_answers.csv
starting  76
Processed 78/100 questions
Results saved to trivia_answers.csv
starting  78
Processed 80/100 questions
Results saved to trivia_answers.csv
starting  80
Processed 82/100 questions
Results saved to trivia_answers.csv
starting  82
Processed 84/100 questions
Results saved to trivia_answers.csv
starting  84
Processed 86/100 questions
Results saved to trivia_answers.csv
starting  86
Processed 88/100 questions
Results saved to trivia_answers.csv
starting  88
Processed 90/100 questions
Results saved to trivia_answers.csv
starting  90
Processed 92/100 questions
Results saved to trivia_answers.csv
starting  92
Processed 94/100 questions
Results saved to trivia_answers.csv
starting  94
Processed 96/100 questions
Results saved to trivia_answers.csv
starting  96
Processed 98/100 questions
Results saved to trivia_answers.csv
starting  98
Processed 100/100 questions
Results saved to trivia_answers.csv
