Loading checkpoint shards:   0%|          | 0/4 [00:00<?, ?it/s]Loading checkpoint shards:  25%|██▌       | 1/4 [00:00<00:00,  4.63it/s]Loading checkpoint shards:  50%|█████     | 2/4 [00:00<00:00,  3.77it/s]Loading checkpoint shards:  75%|███████▌  | 3/4 [00:00<00:00,  3.72it/s]Loading checkpoint shards: 100%|██████████| 4/4 [00:01<00:00,  3.89it/s]Loading checkpoint shards: 100%|██████████| 4/4 [00:01<00:00,  3.89it/s]
Traceback (most recent call last):
  File "/scratch/users/u14jp20/eval/GroupPr/gemma2.py", line 121, in <module>
    answer_trivia(
  File "/scratch/users/u14jp20/eval/GroupPr/gemma2.py", line 99, in answer_trivia
    input_ids = tokenizer.apply_chat_template(
                ^^^^^^^^^^^^^^^^^^^^^^^^^^^^^^
  File "/home/u14jp20/sharedscratch/.conda/envs/eval_venv/lib/python3.11/site-packages/transformers/tokenization_utils_base.py", line 1869, in apply_chat_template
    rendered_chat = compiled_template.render(
                    ^^^^^^^^^^^^^^^^^^^^^^^^^
  File "/home/u14jp20/sharedscratch/.conda/envs/eval_venv/lib/python3.11/site-packages/jinja2/environment.py", line 1304, in render
    self.environment.handle_exception()
  File "/home/u14jp20/sharedscratch/.conda/envs/eval_venv/lib/python3.11/site-packages/jinja2/environment.py", line 939, in handle_exception
    raise rewrite_traceback_stack(source=source)
  File "<template>", line 1, in top-level template code
  File "/home/u14jp20/sharedscratch/.conda/envs/eval_venv/lib/python3.11/site-packages/jinja2/sandbox.py", line 394, in call
    return __context.call(__obj, *args, **kwargs)
           ^^^^^^^^^^^^^^^^^^^^^^^^^^^^^^^^^^^^^^
  File "/home/u14jp20/sharedscratch/.conda/envs/eval_venv/lib/python3.11/site-packages/transformers/utils/chat_template_utils.py", line 412, in raise_exception
    raise jinja2.exceptions.TemplateError(message)
jinja2.exceptions.TemplateError: Conversation roles must alternate user/assistant/user/assistant/...
srun: error: gpu01: task 0: Exited with exit code 1
